This is pdfTeX, Version 3.141592653-2.6-1.40.24 (TeX Live 2022/Debian) (preloaded format=pdflatex 2024.11.26)  20 MAR 2025 09:56
entering extended mode
 restricted \write18 enabled.
 %&-line parsing enabled.
**routeurs.tex
(/usr/share/texlive/texmf-dist/tex/latex/tools/e.tex
! Interruption.
<to be read again> 
                   \begingroup 
l.1 
    %%
? 
! Emergency stop.
<to be read again> 
                   \begingroup 
l.1 
    %%
End of file on the terminal!

 
Here is how much of TeX's memory you used:
 7 strings out of 477908
 255 string characters out of 5837076
 1849330 words of memory out of 5000000
 20258 multiletter control sequences out of 15000+600000
 512287 words of font info for 32 fonts, out of 8000000 for 9000
 81 hyphenation exceptions out of 8191
 3i,0n,1p,17b,6s stack positions out of 10000i,1000n,20000p,200000b,200000s
!  ==> Fatal error occurred, no output PDF file produced!
